<?xml version="1.0" encoding="utf-8"?>
<payload>
  <element name="Application" type="Description" sequence-id="1">
    <attribute name="a0" value="HpHwDiagA" />
    <attribute name="a1" value="1.6.4.0" />
    <attribute name="a2" value="1" />
    <attribute name="a4" value="0.0.1.13" />
    <attribute name="p1" value="12/18/2015" />
    <attribute name="p2" value="F.77" />
    <attribute name="a3" value="0" />
    <attribute name="p502" value="3Q6b7K7N7R7W8A9CaBapaqasauawbhbpbzdUdXdpdq.2h" />
    <attribute name="p5" value="English" />
    <attribute name="p7" value="HP ENVY Notebook" />
    <attribute name="p6" value="5CD62348BT" />
    <attribute name="p8" value="P4W31UA#ABA" />
    <attribute name="p0" value="6/12/2021 7:13:47 PM" />
    <attribute name="b" value="0" />
    <attribute name="d0" value="1" />
    <attribute name="a5" value="0" />
  </element>
  <element name="Application" type="Description" sequence-id="2">
    <attribute name="a0" value="HpHwDiagA" />
    <attribute name="a1" value="1.6.4.0" />
    <attribute name="a2" value="1" />
    <attribute name="a4" value="0.0.0.1" />
    <attribute name="p1" value="12/18/2015" />
    <attribute name="p2" value="F.77" />
    <attribute name="a3" value="0" />
    <attribute name="p502" value="3Q6b7K7N7R7W8A9CaBapaqasauawbhbpbzdUdXdpdq.2h" />
    <attribute name="p5" value="English" />
    <attribute name="p7" value="HP ENVY Notebook" />
    <attribute name="p6" value="5CD62348BT" />
    <attribute name="p8" value="P4W31UA#ABA" />
    <attribute name="p0" value="6/12/2021 7:13:45 PM" />
    <attribute name="b" value="0" />
    <attribute name="d31" value="f01" />
    <attribute name="d0" value="1" />
    <attribute name="a5" value="0" />
  </element>
  <element name="Application" type="Description" sequence-id="3">
    <attribute name="a0" value="HpHwDiagA" />
    <attribute name="a1" value="1.6.4.0" />
    <attribute name="a2" value="1" />
    <attribute name="a4" value="0.0.0.1" />
    <attribute name="p1" value="12/18/2015" />
    <attribute name="p2" value="F.77" />
    <attribute name="a3" value="0" />
    <attribute name="p502" value="3Q6b7K7N7R7W8A9CaBapaqasauawbhbpbzdUdXdpdq.2h" />
    <attribute name="p5" value="English" />
    <attribute name="p7" value="HP ENVY Notebook" />
    <attribute name="p6" value="5CD62348BT" />
    <attribute name="p8" value="P4W31UA#ABA" />
    <attribute name="p0" value="6/12/2021 7:13:43 PM" />
    <attribute name="b" value="0" />
    <attribute name="d31" value="f01" />
    <attribute name="d0" value="1" />
    <attribute name="a5" value="0" />
  </element>
  <element name="Application" type="Description" sequence-id="4">
    <attribute name="a0" value="HpHwDiagA" />
    <attribute name="a1" value="1.6.4.0" />
    <attribute name="a2" value="1" />
    <attribute name="a4" value="0.0.0.1" />
    <attribute name="p1" value="12/18/2015" />
    <attribute name="p2" value="F.77" />
    <attribute name="a3" value="0" />
    <attribute name="p502" value="3Q6b7K7N7R7W8A9CaBapaqasauawbhbpbzdUdXdpdq.2h" />
    <attribute name="p5" value="English" />
    <attribute name="p7" value="HP ENVY Notebook" />
    <attribute name="p6" value="5CD62348BT" />
    <attribute name="p8" value="P4W31UA#ABA" />
    <attribute name="p0" value="6/12/2021 7:13:41 PM" />
    <attribute name="b" value="0" />
    <attribute name="d31" value="f01" />
    <attribute name="d0" value="1" />
    <attribute name="a5" value="0" />
  </element>
  <element name="Application" type="Description" sequence-id="5">
    <attribute name="a0" value="HpHwDiagA" />
    <attribute name="a1" value="1.6.4.0" />
    <attribute name="a2" value="1" />
    <attribute name="a4" value="0.0.0.1" />
    <attribute name="p1" value="12/18/2015" />
    <attribute name="p2" value="F.77" />
    <attribute name="a3" value="0" />
    <attribute name="p502" value="3Q6b7K7N7R7W8A9CaBapaqasauawbhbpbzdUdXdpdq.2h" />
    <attribute name="p5" value="English" />
    <attribute name="p7" value="HP ENVY Notebook" />
    <attribute name="p6" value="5CD62348BT" />
    <attribute name="p8" value="P4W31UA#ABA" />
    <attribute name="p0" value="6/12/2021 7:13:38 PM" />
    <attribute name="b" value="0" />
    <attribute name="d31" value="f01" />
    <attribute name="d0" value="1" />
    <attribute name="a5" value="0" />
  </element>
  <element name="Application" type="Description" sequence-id="6">
    <attribute name="a0" value="HpHwDiagA" />
    <attribute name="a1" value="1.6.4.0" />
    <attribute name="a2" value="1" />
    <attribute name="a4" value="0.0.0.33" />
    <attribute name="p1" value="12/18/2015" />
    <attribute name="p2" value="F.77" />
    <attribute name="a3" value="0" />
    <attribute name="p502" value="3Q6b7K7N7R7W8A9CaBapaqasauawbhbpbzdUdXdpdq.2h" />
    <attribute name="p5" value="English" />
    <attribute name="p7" value="HP ENVY Notebook" />
    <attribute name="p6" value="5CD62348BT" />
    <attribute name="p8" value="P4W31UA#ABA" />
    <attribute name="p0" value="6/12/2021 7:13:04 PM" />
    <attribute name="b" value="0" />
    <attribute name="d1" value="11" />
    <attribute name="z65" value="1" />
    <attribute name="z66" value="1" />
    <attribute name="z91" value="True" />
    <attribute name="z67" value="True" />
    <attribute name="z68" value="False" />
    <attribute name="z70" value="OK" />
    <attribute name="z71" value="2850" />
    <attribute name="z72" value="2464" />
    <attribute name="z73" value="2404" />
    <attribute name="z74" value="2" />
    <attribute name="z75" value="235" />
    <attribute name="z76" value="26" />
    <attribute name="z77" value="16478" />
    <attribute name="z78" value="0" />
    <attribute name="z79" value="14600" />
    <attribute name="z80" value="224" />
    <attribute name="z81" value="4115" />
    <attribute name="z82" value="4113" />
    <attribute name="z83" value="4121" />
    <attribute name="z84" value="4129" />
    <attribute name="z85" value="02122 02/26/2016" />
    <attribute name="z86" value="131-42-6E" />
    <attribute name="z87" value="6EUUEC4GW171XR" />
    <attribute name="z88" value="1" />
    <attribute name="z89" value="3" />
    <attribute name="z90" value="Failed" />
    <attribute name="z92" value="True" />
    <attribute name="z94" value="False" />
    <attribute name="z95" value="86" />
    <attribute name="z96" value="False" />
    <attribute name="z97" value="False" />
    <attribute name="z98" value="False" />
    <attribute name="z99" value="True" />
    <attribute name="z100" value="False" />
    <attribute name="z101" value="300" />
    <attribute name="d0" value="1" />
    <attribute name="a5" value="0" />
  </element>
  <element name="Application" type="Description" sequence-id="7">
    <attribute name="a0" value="HpHwDiagA" />
    <attribute name="a1" value="1.6.4.0" />
    <attribute name="a2" value="1" />
    <attribute name="a4" value="0.0.0.9" />
    <attribute name="p1" value="12/18/2015" />
    <attribute name="p2" value="F.77" />
    <attribute name="a3" value="0" />
    <attribute name="p502" value="3Q6b7K7N7R7W8A9CaBapaqasauawbhbpbzdUdXdpdq.2h" />
    <attribute name="p5" value="English" />
    <attribute name="p7" value="HP ENVY Notebook" />
    <attribute name="p6" value="5CD62348BT" />
    <attribute name="p8" value="P4W31UA#ABA" />
    <attribute name="p0" value="6/12/2021 7:12:53 PM" />
    <attribute name="b" value="0" />
    <attribute name="d10" value="a1" />
    <attribute name="d0" value="1" />
    <attribute name="a5" value="0" />
  </element>
  <element name="Application" type="Description" sequence-id="8">
    <attribute name="a0" value="HpHwDiagA" />
    <attribute name="a1" value="1.6.4.0" />
    <attribute name="a2" value="1" />
    <attribute name="a4" value="0.0.0.4" />
    <attribute name="p1" value="12/18/2015" />
    <attribute name="p2" value="F.77" />
    <attribute name="a3" value="0" />
    <attribute name="p502" value="3Q6b7K7N7R7W8A9CaBapaqasauawbhbpbzdUdXdpdq.2h" />
    <attribute name="p5" value="English" />
    <attribute name="p7" value="HP ENVY Notebook" />
    <attribute name="p6" value="5CD62348BT" />
    <attribute name="p8" value="P4W31UA#ABA" />
    <attribute name="p0" value="6/12/2021 7:12:47 PM" />
    <attribute name="b" value="0" />
    <attribute name="d12" value="c1" />
    <attribute name="d0" value="1" />
    <attribute name="a5" value="0" />
  </element>
  <element name="Application" type="Description" sequence-id="9">
    <attribute name="a0" value="HpHwDiagA" />
    <attribute name="a1" value="1.6.4.0" />
    <attribute name="a2" value="1" />
    <attribute name="a4" value="0.0.2.1" />
    <attribute name="p1" value="12/18/2015" />
    <attribute name="p2" value="F.77" />
    <attribute name="a3" value="0" />
    <attribute name="p502" value="3Q6b7K7N7R7W8A9CaBapaqasauawbhbpbzdUdXdpdq.2h" />
    <attribute name="p5" value="English" />
    <attribute name="p7" value="HP ENVY Notebook" />
    <attribute name="p6" value="5CD62348BT" />
    <attribute name="p8" value="P4W31UA#ABA" />
    <attribute name="p0" value="6/12/2021 7:10:44 PM" />
    <attribute name="b" value="0" />
    <attribute name="d5" value="51" />
    <attribute name="p20" value="1" />
    <attribute name="p21" value="1" />
    <attribute name="d0" value="1" />
    <attribute name="a5" value="0" />
  </element>
</payload>